<?xml version="1.0" encoding="UTF-8"?>
<!-- Generated by org.testng.reporters.JUnitXMLReporter -->
<testsuite ignored="7" hostname="Akshay-PC" failures="1" tests="1" name="SmokeTest" time="15.404" errors="0" timestamp="2023-10-19T12:28:28 IST">
  <testcase classname="org.fxb.experts_staging.testcases.TC_For_Registration_Experts_Staging" name="step_1_Confirm_Eligibility" time="0.691">
    <failure type="java.lang.NullPointerException" message="Cannot invoke &amp;quot;Object.toString()&amp;quot; because the return value of &amp;quot;java.util.Properties.get(Object)&amp;quot; is null">
      <![CDATA[java.lang.NullPointerException: Cannot invoke "Object.toString()" because the return value of "java.util.Properties.get(Object)" is null
at org.fxb.web.library.Property_File_Reader.projectConfigurationReader(Property_File_Reader.java:20)
at org.fxb.experts_staging.testcases.TC_For_Registration_Experts_Staging.step_1_Confirm_Eligibility(TC_For_Registration_Experts_Staging.java:25)
at java.base/java.util.concurrent.ThreadPoolExecutor.runWorker(ThreadPoolExecutor.java:1136)
at java.base/java.util.concurrent.ThreadPoolExecutor$Worker.run(ThreadPoolExecutor.java:635)
at java.base/java.lang.Thread.run(Thread.java:833)
... Removed 10 stack frames]]>
    </failure>
  </testcase> <!-- step_1_Confirm_Eligibility -->
  <testcase classname="org.fxb.experts_staging.testcases.TC_For_Registration_Experts_Staging" name="step_3_Basic_Data" time="0.0">
    <ignored/>
  </testcase> <!-- step_3_Basic_Data -->
  <testcase classname="org.fxb.experts_staging.testcases.TC_For_Registration_Experts_Staging" name="Step_4_Work_Experience" time="0.0">
    <ignored/>
  </testcase> <!-- Step_4_Work_Experience -->
  <testcase classname="org.fxb.experts_staging.testcases.TC_For_Registration_Experts_Staging" name="mobileNumberVerification" time="0.0">
    <ignored/>
  </testcase> <!-- mobileNumberVerification -->
  <testcase classname="org.fxb.experts_staging.testcases.TC_For_Registration_Experts_Staging" name="step_2_click_next_button" time="0.0">
    <ignored/>
  </testcase> <!-- step_2_click_next_button -->
  <testcase classname="org.fxb.experts_staging.testcases.TC_For_Registration_Experts_Staging" name="Step_5_Annual_Compensation" time="0.0">
    <ignored/>
  </testcase> <!-- Step_5_Annual_Compensation -->
  <testcase classname="org.fxb.experts_staging.testcases.TC_For_Registration_Experts_Staging" name="Step_5_Education" time="0.0">
    <ignored/>
  </testcase> <!-- Step_5_Education -->
  <testcase classname="org.fxb.experts_staging.testcases.TC_For_Registration_Experts_Staging" name="step_2_Create_Your_Account" time="0.0">
    <ignored/>
  </testcase> <!-- step_2_Create_Your_Account -->
</testsuite> <!-- SmokeTest -->
