<?xml version="1.0" encoding="UTF-8"?>
<!-- Generated by org.testng.reporters.JUnitXMLReporter -->
<testsuite ignored="6" hostname="Akshay-PC" failures="1" tests="3" name="Default test" time="15.897" errors="0" timestamp="2023-10-13T18:28:57 IST">
  <testcase classname="org.fxb.experts_staging.testcases.TC_For_Registration_Experts_Staging" name="step_1_Confirm_Eligibility" time="0.329"/>
  <testcase classname="org.fxb.experts_staging.testcases.TC_For_Registration_Experts_Staging" name="step_2_Create_Your_Account" time="3.202"/>
  <testcase classname="org.fxb.experts_staging.testcases.TC_For_Registration_Experts_Staging" name="step_2_Create_Your_Account" time="10.998">
    <failure type="org.openqa.selenium.TimeoutException" message="Expected condition failed: waiting for visibility of element located by By.xpath: //div[text()=&amp;apos;select&amp;apos;] (tried for 10 second(s) with 500 milliseconds interval)
Build info: version: &amp;apos;4.8.3&amp;apos;, revision: &amp;apos;e5e76298c3&amp;apos;
System info: os.name: &amp;apos;Windows 8.1&amp;apos;, os.arch: &amp;apos;amd64&amp;apos;, os.version: &amp;apos;6.3&amp;apos;, java.version: &amp;apos;18.0.2.1&amp;apos;
Driver info: org.openqa.selenium.chrome.ChromeDriver
Capabilities {acceptInsecureCerts: false, browserName: chrome, browserVersion: 109.0.5414.168, chrome: {chromedriverVersion: 108.0.5359.71 (1e0e3868ee06..., userDataDir: C:\Users\Fxbytes\AppData\Lo...}, goog:chromeOptions: {debuggerAddress: localhost:53689}, networkConnectionEnabled: false, pageLoadStrategy: normal, platformName: WINDOWS, proxy: Proxy(), se:cdp: ws://localhost:53689/devtoo..., se:cdpVersion: 109.0.5414.168, setWindowRect: true, strictFileInteractability: false, timeouts: {implicit: 0, pageLoad: 300000, script: 30000}, unhandledPromptBehavior: dismiss and notify, webauthn:extension:credBlob: true, webauthn:extension:largeBlob: true, webauthn:virtualAuthenticators: true}
Session ID: fbd7f618e9bbaa982d1db98d5345cffb">
      <![CDATA[org.openqa.selenium.TimeoutException: Expected condition failed: waiting for visibility of element located by By.xpath: //div[text()='select'] (tried for 10 second(s) with 500 milliseconds interval)
Build info: version: '4.8.3', revision: 'e5e76298c3'
System info: os.name: 'Windows 8.1', os.arch: 'amd64', os.version: '6.3', java.version: '18.0.2.1'
Driver info: org.openqa.selenium.chrome.ChromeDriver
Capabilities {acceptInsecureCerts: false, browserName: chrome, browserVersion: 109.0.5414.168, chrome: {chromedriverVersion: 108.0.5359.71 (1e0e3868ee06..., userDataDir: C:\Users\Fxbytes\AppData\Lo...}, goog:chromeOptions: {debuggerAddress: localhost:53689}, networkConnectionEnabled: false, pageLoadStrategy: normal, platformName: WINDOWS, proxy: Proxy(), se:cdp: ws://localhost:53689/devtoo..., se:cdpVersion: 109.0.5414.168, setWindowRect: true, strictFileInteractability: false, timeouts: {implicit: 0, pageLoad: 300000, script: 30000}, unhandledPromptBehavior: dismiss and notify, webauthn:extension:credBlob: true, webauthn:extension:largeBlob: true, webauthn:virtualAuthenticators: true}
Session ID: fbd7f618e9bbaa982d1db98d5345cffb
at org.openqa.selenium.support.ui.WebDriverWait.timeoutException(WebDriverWait.java:87)
at org.openqa.selenium.support.ui.FluentWait.until(FluentWait.java:231)
at org.fxb.experts_staging.utilities.Waits.explicit_waitForElementToBe_Visible(Waits.java:32)
at org.fxb.experts_staging.testcases.TC_For_Registration_Experts_Staging.step_2_Create_Your_Account(TC_For_Registration_Experts_Staging.java:56)
at java.base/jdk.internal.reflect.DirectMethodHandleAccessor.invoke(DirectMethodHandleAccessor.java:104)
at java.base/java.lang.reflect.Method.invoke(Method.java:577)
at org.testng.internal.MethodInvocationHelper.invokeMethod(MethodInvocationHelper.java:133)
at org.testng.internal.TestInvoker.invokeMethod(TestInvoker.java:598)
at org.testng.internal.TestInvoker.invokeTestMethod(TestInvoker.java:173)
at org.testng.internal.MethodRunner.runInSequence(MethodRunner.java:46)
at org.testng.internal.TestInvoker$MethodInvocationAgent.invoke(TestInvoker.java:824)
at org.testng.internal.TestInvoker.invokeTestMethods(TestInvoker.java:146)
at org.testng.internal.TestMethodWorker.invokeTestMethods(TestMethodWorker.java:146)
at org.testng.internal.TestMethodWorker.run(TestMethodWorker.java:128)
at java.base/java.util.ArrayList.forEach(ArrayList.java:1511)
at org.testng.TestRunner.privateRun(TestRunner.java:794)
at org.testng.TestRunner.run(TestRunner.java:596)
at org.testng.SuiteRunner.runTest(SuiteRunner.java:377)
at org.testng.SuiteRunner.runSequentially(SuiteRunner.java:371)
at org.testng.SuiteRunner.privateRun(SuiteRunner.java:332)
at org.testng.SuiteRunner.run(SuiteRunner.java:276)
at org.testng.SuiteRunnerWorker.runSuite(SuiteRunnerWorker.java:53)
at org.testng.SuiteRunnerWorker.run(SuiteRunnerWorker.java:96)
at org.testng.TestNG.runSuitesSequentially(TestNG.java:1212)
at org.testng.TestNG.runSuitesLocally(TestNG.java:1134)
at org.testng.TestNG.runSuites(TestNG.java:1063)
at org.testng.TestNG.run(TestNG.java:1031)
at org.testng.remote.AbstractRemoteTestNG.run(AbstractRemoteTestNG.java:115)
at org.testng.remote.RemoteTestNG.initAndRun(RemoteTestNG.java:251)
at org.testng.remote.RemoteTestNG.main(RemoteTestNG.java:77)
]]>
    </failure>
  </testcase> <!-- step_2_Create_Your_Account -->
  <testcase classname="org.fxb.experts_staging.testcases.TC_For_Registration_Experts_Staging" name="Step_4_Work_Experience" time="0.0">
    <ignored/>
  </testcase> <!-- Step_4_Work_Experience -->
  <testcase classname="org.fxb.experts_staging.testcases.TC_For_Registration_Experts_Staging" name="step_3_Basic_Data" time="0.0">
    <ignored/>
  </testcase> <!-- step_3_Basic_Data -->
  <testcase classname="org.fxb.experts_staging.testcases.TC_For_Registration_Experts_Staging" name="mobileNumberVerification" time="0.0">
    <ignored/>
  </testcase> <!-- mobileNumberVerification -->
  <testcase classname="org.fxb.experts_staging.testcases.TC_For_Registration_Experts_Staging" name="step_2_click_next_button" time="0.0">
    <ignored/>
  </testcase> <!-- step_2_click_next_button -->
  <testcase classname="org.fxb.experts_staging.testcases.TC_For_Registration_Experts_Staging" name="Step_5_Annual_Compensation" time="0.0">
    <ignored/>
  </testcase> <!-- Step_5_Annual_Compensation -->
  <testcase classname="org.fxb.experts_staging.testcases.TC_For_Registration_Experts_Staging" name="Step_5_Education" time="0.0">
    <ignored/>
  </testcase> <!-- Step_5_Education -->
</testsuite> <!-- Default test -->
