<?xml version="1.0" encoding="UTF-8"?>
<!-- Generated by org.testng.reporters.JUnitXMLReporter -->
<testsuite ignored="0" hostname="Akshay-PC" failures="0" tests="5" name="Default test" time="162.98" errors="0" timestamp="2023-05-23T18:09:46 IST">
  <testcase classname="org.fxb.experts_staging.testcases.TC_For_Registration_Experts_Staging" name="step_1_Confirm_Eligibility" time="0.449"/>
  <testcase classname="org.fxb.experts_staging.testcases.TC_For_Registration_Experts_Staging" name="step_2_Create_Your_Account" time="28.397"/>
  <testcase classname="org.fxb.experts_staging.testcases.TC_For_Registration_Experts_Staging" name="mobileNumberVerification" time="27.968"/>
  <testcase classname="org.fxb.experts_staging.testcases.TC_For_Registration_Experts_Staging" name="step_3_Basic_Data" time="39.866"/>
  <testcase classname="org.fxb.experts_staging.testcases.TC_For_Registration_Experts_Staging" name="Step_4_Work_Experience" time="66.224"/>
</testsuite> <!-- Default test -->
