<?xml version="1.0" encoding="UTF-8"?>
<testng-results ignored="0" total="5" passed="5" failed="0" skipped="0">
  <reporter-output>
  </reporter-output>
  <suite started-at="2023-05-23T18:07:03 IST" name="Default suite" finished-at="2023-05-23T18:09:46 IST" duration-ms="162980">
    <groups>
    </groups>
    <test started-at="2023-05-23T18:07:03 IST" name="Default test" finished-at="2023-05-23T18:09:46 IST" duration-ms="162980">
      <class name="org.fxb.experts_staging.testcases.TC_For_Registration_Experts_Staging">
        <test-method is-config="true" signature="restrictionPage()[pri:0, instance:org.fxb.experts_staging.testcases.TC_For_Registration_Experts_Staging@dbf57b3]" started-at="2023-05-23T18:06:49 IST" name="restrictionPage" finished-at="2023-05-23T18:07:03 IST" duration-ms="14374" status="PASS">
          <reporter-output>
          </reporter-output>
        </test-method> <!-- restrictionPage -->
        <test-method signature="step_1_Confirm_Eligibility()[pri:1, instance:org.fxb.experts_staging.testcases.TC_For_Registration_Experts_Staging@dbf57b3]" started-at="2023-05-23T18:07:03 IST" name="step_1_Confirm_Eligibility" finished-at="2023-05-23T18:07:04 IST" duration-ms="449" status="PASS">
          <reporter-output>
          </reporter-output>
        </test-method> <!-- step_1_Confirm_Eligibility -->
        <test-method signature="step_2_Create_Your_Account()[pri:2, instance:org.fxb.experts_staging.testcases.TC_For_Registration_Experts_Staging@dbf57b3]" started-at="2023-05-23T18:07:04 IST" name="step_2_Create_Your_Account" finished-at="2023-05-23T18:07:32 IST" duration-ms="28397" status="PASS">
          <reporter-output>
          </reporter-output>
        </test-method> <!-- step_2_Create_Your_Account -->
        <test-method signature="mobileNumberVerification()[pri:3, instance:org.fxb.experts_staging.testcases.TC_For_Registration_Experts_Staging@dbf57b3]" started-at="2023-05-23T18:07:32 IST" name="mobileNumberVerification" finished-at="2023-05-23T18:08:00 IST" duration-ms="27968" status="PASS">
          <reporter-output>
          </reporter-output>
        </test-method> <!-- mobileNumberVerification -->
        <test-method signature="step_3_Basic_Data()[pri:4, instance:org.fxb.experts_staging.testcases.TC_For_Registration_Experts_Staging@dbf57b3]" started-at="2023-05-23T18:08:00 IST" name="step_3_Basic_Data" finished-at="2023-05-23T18:08:40 IST" duration-ms="39866" status="PASS">
          <reporter-output>
          </reporter-output>
        </test-method> <!-- step_3_Basic_Data -->
        <test-method signature="Step_4_Work_Experience()[pri:5, instance:org.fxb.experts_staging.testcases.TC_For_Registration_Experts_Staging@dbf57b3]" started-at="2023-05-23T18:08:40 IST" name="Step_4_Work_Experience" finished-at="2023-05-23T18:09:46 IST" duration-ms="66224" status="PASS">
          <reporter-output>
          </reporter-output>
        </test-method> <!-- Step_4_Work_Experience -->
      </class> <!-- org.fxb.experts_staging.testcases.TC_For_Registration_Experts_Staging -->
    </test> <!-- Default test -->
  </suite> <!-- Default suite -->
</testng-results>
