<?xml version="1.0" encoding="UTF-8"?>
<!-- Generated by org.testng.reporters.JUnitXMLReporter -->
<testsuite ignored="7" hostname="Akshay-PC" failures="0" tests="1" name="SmokeTest" time="12.051" errors="0" timestamp="2023-10-17T18:23:37 IST">
  <testcase classname="org.fxb.experts_staging.testcases.TC_For_Registration_Experts_Staging" name="step_1_Confirm_Eligibility" time="0.912"/>
  <testcase classname="org.fxb.experts_staging.testcases.TC_For_Registration_Experts_Staging" name="step_3_Basic_Data" time="0.0">
    <ignored/>
  </testcase> <!-- step_3_Basic_Data -->
  <testcase classname="org.fxb.experts_staging.testcases.TC_For_Registration_Experts_Staging" name="Step_4_Work_Experience" time="0.0">
    <ignored/>
  </testcase> <!-- Step_4_Work_Experience -->
  <testcase classname="org.fxb.experts_staging.testcases.TC_For_Registration_Experts_Staging" name="mobileNumberVerification" time="0.0">
    <ignored/>
  </testcase> <!-- mobileNumberVerification -->
  <testcase classname="org.fxb.experts_staging.testcases.TC_For_Registration_Experts_Staging" name="step_2_click_next_button" time="0.0">
    <ignored/>
  </testcase> <!-- step_2_click_next_button -->
  <testcase classname="org.fxb.experts_staging.testcases.TC_For_Registration_Experts_Staging" name="Step_5_Annual_Compensation" time="0.0">
    <ignored/>
  </testcase> <!-- Step_5_Annual_Compensation -->
  <testcase classname="org.fxb.experts_staging.testcases.TC_For_Registration_Experts_Staging" name="Step_5_Education" time="0.0">
    <ignored/>
  </testcase> <!-- Step_5_Education -->
  <testcase classname="org.fxb.experts_staging.testcases.TC_For_Registration_Experts_Staging" name="step_2_Create_Your_Account" time="0.0">
    <ignored/>
  </testcase> <!-- step_2_Create_Your_Account -->
</testsuite> <!-- SmokeTest -->
